<?xml version="1.0" encoding="UTF-8"?>
<!-- Generated by org.testng.reporters.JUnitReportReporter -->
<testsuite hostname="MSI" failures="0" tests="7" name="com.crm.qa.tests.HomePageTest" time="46.672" errors="0" timestamp="2023-01-25T15:35:24 EST" skipped="0">
  <testcase classname="com.crm.qa.tests.HomePageTest" name="varifyHomePageTitle" time="6.549"/>
  <system-out/>
  <testcase classname="com.crm.qa.tests.HomePageTest" name="verifySignedInUsername" time="5.959"/>
  <system-out/>
  <testcase classname="com.crm.qa.tests.HomePageTest" name="varifySizeOfMenuItem" time="6.669"/>
  <system-out/>
  <testcase classname="com.crm.qa.tests.HomePageTest" name="verifyLinkOfBestSellersPage" time="7.146"/>
  <system-out/>
  <testcase classname="com.crm.qa.tests.HomePageTest" name="verifyLinkOfNewReleasesPage" time="6.997"/>
  <system-out/>
  <testcase classname="com.crm.qa.tests.HomePageTest" name="verifyLinkOfHomeKitchenPage" time="7.327"/>
  <system-out/>
  <testcase classname="com.crm.qa.tests.HomePageTest" name="verifyLinkOfSearchPage" time="6.025"/>
  <system-out/>
</testsuite> <!-- com.crm.qa.tests.HomePageTest -->
