<?xml version="1.0" encoding="UTF-8"?>
<!-- Generated by org.testng.reporters.JUnitReportReporter -->
<testsuite hostname="MSI" failures="0" tests="2" name="com.crm.qa.tests.SignUpPageTest" time="4.322" errors="0" timestamp="2023-01-25T15:35:24 EST" skipped="1">
  <testcase classname="com.crm.qa.tests.SignUpPageTest" name="validateSignupPageTitle" time="4.322"/>
  <system-out/>
  <testcase classname="com.crm.qa.tests.SignUpPageTest" name="validateCreateSignUpData" time="0.000">
    <skipped/>
  </testcase> <!-- validateCreateSignUpData -->
  <system-out/>
</testsuite> <!-- com.crm.qa.tests.SignUpPageTest -->
