<?xml version="1.0" encoding="UTF-8"?>
<!-- Generated by org.testng.reporters.JUnitReportReporter -->
<testsuite hostname="LAPTOP-LC3H17N7" failures="0" tests="2" name="com.crm.qa.tests.LoginPageTest" time="30.380" errors="0" timestamp="2023-02-16T02:21:32 EST" skipped="0">
  <testcase classname="com.crm.qa.tests.LoginPageTest" name="loginPageTitleTest" time="8.465"/>
  <testcase classname="com.crm.qa.tests.LoginPageTest" name="loginPageTest" time="21.915"/>
</testsuite> <!-- com.crm.qa.tests.LoginPageTest -->
